1:1574233538.2319355
2:1574233540.5624242
* Listening mic. 
Starting record of phrase
3:1574233545.8086388
Finished
* Done recording
Waiting

1:1574233726.1731942
2:1574233728.5006697
* Listening mic. 
Starting record of phrase
3:1574233733.7997282
Finished
* Done recording
Waiting

1:1574233914.1121314
2:1574233916.439863
* Listening mic. 
Starting record of phrase
3:1574233921.8456678
Finished
* Done recording
Waiting

1:1574234102.1412244
2:1574234104.4691339
* Listening mic. 
Starting record of phrase
3:1574234109.7197614
Finished
* Done recording
Waiting

1:1574234290.0916812
2:1574234292.4211395
* Listening mic. 
Starting record of phrase
3:1574234297.6726966
Finished
* Done recording
Waiting

1:1574234478.0638907
2:1574234480.3939538
* Listening mic. 
Starting record of phrase
3:1574234485.7954674
Finished
* Done recording
Waiting

1:1574234666.15405
2:1574234668.4835644
* Listening mic. 
Starting record of phrase
3:1574234673.6300533
Finished
* Done recording
Waiting

1:1574234853.947356
2:1574234856.2755075
* Listening mic. 
Starting record of phrase
3:1574234861.51926
Finished
* Done recording
Waiting

1:1574235041.839625
2:1574235044.1651099
* Listening mic. 
Starting record of phrase
3:1574235049.6514313
Finished
* Done recording
Waiting

1:1574235230.0257325
2:1574235232.354033
* Listening mic. 
Starting record of phrase
3:1574235237.7027223
Finished
* Done recording
Waiting

1:1574235418.0382013
2:1574235420.346223
* Listening mic. 
Starting record of phrase
3:1574235425.758809
Finished
* Done recording
Waiting

1:1574235606.0561905
2:1574235608.381015
* Listening mic. 
Starting record of phrase
3:1574235613.6855342
Finished
* Done recording
Waiting

1:1574235793.9887426
2:1574235796.3191712
* Listening mic. 
Starting record of phrase
3:1574235801.668906
Finished
* Done recording
Waiting

1:1574235982.0345342
2:1574235984.3614395
* Listening mic. 
Starting record of phrase
3:1574235989.8154092
Finished
* Done recording
Waiting

1:1574236170.1516945
2:1574236172.4814134
* Listening mic. 
Starting record of phrase
3:1574236177.9428282
Finished
* Done recording
Waiting

1:1574236358.240502
2:1574236360.5699499
* Listening mic. 
Starting record of phrase
3:1574236366.034046
Finished
* Done recording
Waiting

1:1574236546.4146645
2:1574236548.7438183
* Listening mic. 
Starting record of phrase
3:1574236554.1523855
Finished
* Done recording
Waiting

1:1574236734.4427667
2:1574236736.7726715
* Listening mic. 
Starting record of phrase
3:1574236742.2735786
Finished
* Done recording
Waiting

1:1574236922.6348796
2:1574236924.962001
* Listening mic. 
Starting record of phrase
3:1574236930.3544924
Finished
* Done recording
Waiting

1:1574237110.7050195
2:1574237113.012906
* Listening mic. 
Starting record of phrase
3:1574237118.2625723
Finished
* Done recording
Waiting

1:1574237298.6447
2:1574237300.9706473
* Listening mic. 
Starting record of phrase
3:1574237306.128392
Finished
* Done recording
Waiting

1:1574237486.439917
2:1574237488.7479203
* Listening mic. 
Starting record of phrase
3:1574237493.890667
Finished
* Done recording
Waiting

1:1574237674.1859305
2:1574237676.514276
* Listening mic. 
Starting record of phrase
3:1574237681.510976
Finished
* Done recording
Waiting

1:1574237861.8887844
2:1574237864.2166345
* Listening mic. 
Starting record of phrase
3:1574237869.574208
Finished
* Done recording
Waiting

1:1574238049.9452977
2:1574238052.2715738
* Listening mic. 
Starting record of phrase
3:1574238057.7752335
Finished
* Done recording
Waiting

1:1574238238.1571395
2:1574238240.4840329
* Listening mic. 
Starting record of phrase
3:1574238246.291869
Finished
* Done recording
Waiting

1:1574238426.6734984
2:1574238429.0003831
* Listening mic. 
Starting record of phrase
3:1574238434.252112
Finished
* Done recording
Waiting

1:1574238614.6332304
2:1574238616.939279
* Listening mic. 
Starting record of phrase
3:1574238622.260528
Finished
* Done recording
Waiting

1:1574238802.6470835
2:1574238804.9745953
* Listening mic. 
Starting record of phrase
3:1574238810.865053
Finished
* Done recording
Waiting

1:1574238991.2484183
2:1574238993.5737197
* Listening mic. 
Starting record of phrase
3:1574238999.077847
Finished
* Done recording
Waiting

1:1574239179.4602933
2:1574239181.7879047
* Listening mic. 
Starting record of phrase
3:1574239188.4442024
Finished
* Done recording
Waiting

1:1574239368.812429
2:1574239371.1423123
* Listening mic. 
Starting record of phrase
3:1574239376.2961836
Finished
* Done recording
Waiting

1:1574239556.6390715
2:1574239558.9661784
* Listening mic. 
Starting record of phrase
3:1574239564.1089694
Finished
* Done recording
Waiting

1:1574239744.494761
2:1574239746.822459
* Listening mic. 
Starting record of phrase
3:1574239752.139591
Finished
* Done recording
Waiting

1:1574239932.5276096
2:1574239934.8538287
* Listening mic. 
Starting record of phrase
3:1574239940.3601022
Finished
* Done recording
Waiting

1:1574240120.7129939
2:1574240123.0418086
* Listening mic. 
Starting record of phrase
3:1574240128.6484597
Finished
* Done recording
Waiting

1:1574240309.033519
2:1574240311.3635685
* Listening mic. 
Starting record of phrase
3:1574240316.818415
Finished
* Done recording
Waiting

1:1574240497.1390572
2:1574240499.4684346
* Listening mic. 
Starting record of phrase
3:1574240504.7346728
Finished
* Done recording
Waiting

1:1574240685.0322585
2:1574240687.3616936
* Listening mic. 
Starting record of phrase
3:1574240693.6728528
Finished
* Done recording
Waiting

1:1574240874.058058
2:1574240876.3849041
* Listening mic. 
Starting record of phrase
3:1574240881.5955007
Finished
* Done recording
Waiting

1:1574241061.9832025
2:1574241064.3100889
* Listening mic. 
Starting record of phrase
3:1574241069.762299
Finished
* Done recording
Waiting

1:1574241250.1284728
2:1574241252.457059
* Listening mic. 
Starting record of phrase
3:1574241257.819745
Finished
* Done recording
Waiting

1:1574241438.2147985
2:1574241440.54183
* Listening mic. 
Starting record of phrase
3:1574241446.2424288
Finished
* Done recording
Waiting

1:1574241626.5458267
2:1574241628.8746214
* Listening mic. 
Starting record of phrase
3:1574241634.5237281
Finished
* Done recording
Waiting

1:1574241814.839227
2:1574241817.1672404
* Listening mic. 
Starting record of phrase
3:1574241822.4801824
Finished
* Done recording
Waiting

1:1574242002.8604548
2:1574242005.1887321
* Listening mic. 
Starting record of phrase
3:1574242010.2421288
Finished
* Done recording
Waiting

1:1574242190.623052
2:1574242192.951007
* Listening mic. 
Starting record of phrase
3:1574242198.0640004
Finished
* Done recording
Waiting

1:1574242378.441499
2:1574242380.7488286
* Listening mic. 
Starting record of phrase
3:1574242386.0551765
Finished
* Done recording
Waiting

1:1574242566.4336233
2:1574242568.76122
* Listening mic. 
Starting record of phrase
3:1574242573.7737546
Finished
* Done recording
Waiting

1:1574242754.1558867
2:1574242756.4819767
* Listening mic. 
Starting record of phrase
3:1574242761.5780237
Finished
* Done recording
Waiting

1:1574242941.9570522
2:1574242944.2863407
* Listening mic. 
Starting record of phrase
3:1574242949.6501234
Finished
* Done recording
Waiting

1:1574243130.0187664
2:1574243132.3446977
* Listening mic. 
Starting record of phrase
3:1574243138.6546414
Finished
* Done recording
Waiting

1:1574243319.0397742
2:1574243321.3677754
* Listening mic. 
Starting record of phrase
3:1574243326.6131847
Finished
* Done recording
Waiting

1:1574243506.9960136
2:1574243509.32578
* Listening mic. 
Starting record of phrase
3:1574243514.5520165
Finished
* Done recording
Waiting

1:1574243694.9311197
2:1574243697.2386992
* Listening mic. 
Starting record of phrase
3:1574243702.3877032
Finished
* Done recording
Waiting

1:1574243882.7688544
2:1574243885.0981054
* Listening mic. 
Starting record of phrase
3:1574243890.188357
Finished
* Done recording
Waiting

1:1574244070.5651522
2:1574244072.8918118
* Listening mic. 
Starting record of phrase
3:1574244078.0426714
Finished
* Done recording
Waiting

1:1574244258.409802
2:1574244260.7393577
* Listening mic. 
Starting record of phrase
3:1574244265.9948115
Finished
* Done recording
Waiting

1:1574244446.340988
2:1574244448.6684825
* Listening mic. 
Starting record of phrase
3:1574244454.6617115
Finished
* Done recording
Waiting

1:1574244635.0463254
2:1574244637.375081
* Listening mic. 
Starting record of phrase
3:1574244642.68097
Finished
* Done recording
Waiting

1:1574244822.9849412
2:1574244825.3129401
* Listening mic. 
Starting record of phrase
3:1574244830.415253
Finished
* Done recording
Waiting

1:1574245010.7766793
2:1574245013.1014867
* Listening mic. 
Starting record of phrase
3:1574245019.7077217
Finished
* Done recording
Waiting

1:1574245200.0957599
2:1574245202.421685
* Listening mic. 
Starting record of phrase
3:1574245207.9342523
Finished
* Done recording
Waiting

1:1574245388.3178115
2:1574245390.646176
* Listening mic. 
Starting record of phrase
3:1574245395.8058314
Finished
* Done recording
Waiting

1:1574245576.139321
2:1574245578.4671996
* Listening mic. 
Starting record of phrase
3:1574245583.5691707
Finished
* Done recording
Waiting

1:1574245763.877326
2:1574245766.2037263
* Listening mic. 
Starting record of phrase
3:1574245772.0161796
Finished
* Done recording
Waiting

1:1574245952.4005837
2:1574245954.7082841
* Listening mic. 
Starting record of phrase
3:1574245961.0705566
Finished
* Done recording
Waiting

1:1574246141.4524288
2:1574246143.7814624
* Listening mic. 
Starting record of phrase
3:1574246149.0866737
Finished
* Done recording
Waiting

1:1574246329.4458368
2:1574246331.769719
* Listening mic. 
Starting record of phrase
3:1574246337.0835986
Finished
* Done recording
Waiting

1:1574246517.4681036
2:1574246519.7971046
* Listening mic. 
Starting record of phrase
3:1574246525.0375485
Finished
* Done recording
Waiting

1:1574246705.4271178
2:1574246707.7339795
* Listening mic. 
Starting record of phrase
3:1574246712.9921079
Finished
* Done recording
Waiting

1:1574246893.343522
2:1574246895.6498876
* Listening mic. 
Starting record of phrase
3:1574246901.147526
Finished
* Done recording
Waiting

1:1574247081.4835567
2:1574247083.8127363
* Listening mic. 
Starting record of phrase
3:1574247089.5096216
Finished
* Done recording
Waiting

1:1574247269.8400655
2:1574247272.1653106
* Listening mic. 
Starting record of phrase
3:1574247277.6627643
Finished
* Done recording
Waiting

1:1574247458.049552
2:1574247460.3770423
* Listening mic. 
Starting record of phrase
3:1574247465.5901587
Finished
* Done recording
Waiting

1:1574247645.9635
2:1574247648.2883537
* Listening mic. 
Starting record of phrase
3:1574247653.5451372
Finished
* Done recording
Waiting

1:1574247833.9250538
2:1574247836.2544074
* Listening mic. 
Starting record of phrase
3:1574247841.3621616
Finished
* Done recording
Waiting

1:1574248021.7441714
2:1574248024.07203
* Listening mic. 
Starting record of phrase
3:1574248029.1802316
Finished
* Done recording
Waiting

1:1574248209.5460553
2:1574248211.8715825
* Listening mic. 
Starting record of phrase
3:1574248217.0843625
Finished
* Done recording
Waiting

1:1574248397.440798
2:1574248399.7683978
* Listening mic. 
Starting record of phrase
3:1574248404.9508162
Finished
* Done recording
Waiting

1:1574248585.2870662
2:1574248587.6140347
* Listening mic. 
Starting record of phrase
3:1574248593.0657578
Finished
* Done recording
Waiting

1:1574248773.4495497
2:1574248775.7773542
* Listening mic. 
Starting record of phrase
3:1574248782.0337937
Finished
* Done recording
Waiting

1:1574248962.37803
2:1574248964.705138
* Listening mic. 
Starting record of phrase
3:1574248969.9455435
Finished
* Done recording
Waiting

1:1574249150.2810805
2:1574249152.6091075
* Listening mic. 
Starting record of phrase
3:1574249158.0058284
Finished
* Done recording
Waiting

1:1574249338.340812
2:1574249340.6688533
* Listening mic. 
Starting record of phrase
3:1574249345.815777
Finished
* Done recording
Waiting

1:1574249526.2062335
2:1574249528.533762
* Listening mic. 
Starting record of phrase
3:1574249533.8313177
Finished
* Done recording
Waiting

1:1574249714.2118864
2:1574249716.540405
* Listening mic. 
Starting record of phrase
3:1574249722.3372574
Finished
* Done recording
Waiting

1:1574249902.6287358
2:1574249904.9562926
* Listening mic. 
Starting record of phrase
3:1574249910.143656
Finished
* Done recording
Waiting

1:1574250090.5153174
2:1574250092.8447187
* Listening mic. 
Starting record of phrase
3:1574250098.2369926
Finished
* Done recording
Waiting

1:1574250278.5385344
2:1574250280.8665147
* Listening mic. 
Starting record of phrase
3:1574250286.1588645
Finished
* Done recording
Waiting

1:1574250466.5441186
2:1574250468.8730667
* Listening mic. 
Starting record of phrase
3:1574250474.17602
Finished
* Done recording
Waiting

1:1574250654.5534081
2:1574250656.8827753
* Listening mic. 
Starting record of phrase
3:1574250661.9347527
Finished
* Done recording
Waiting

1:1574250842.3222015
2:1574250844.6509705
* Listening mic. 
Starting record of phrase
3:1574250850.0399992
Finished
* Done recording
Waiting

1:1574251030.3561873
2:1574251032.6843443
* Listening mic. 
Starting record of phrase
3:1574251037.8255835
Finished
* Done recording
Waiting

1:1574251218.16682
2:1574251220.495247
* Listening mic. 
Starting record of phrase
3:1574251225.651179
Finished
* Done recording
Waiting

1:1574251405.9414804
2:1574251408.270485
* Listening mic. 
Starting record of phrase
3:1574251413.4607837
Finished
* Done recording
Waiting

1:1574251593.8399298
2:1574251596.1701462
* Listening mic. 
Starting record of phrase
3:1574251601.2820168
Finished
* Done recording
Waiting

1:1574251781.6684854
2:1574251783.9972055
* Listening mic. 
Starting record of phrase
3:1574251789.3009503
Finished
* Done recording
Waiting

1:1574251969.6846757
2:1574251972.0097096
* Listening mic. 
Starting record of phrase
3:1574251977.7138283
Finished
* Done recording
Waiting

1:1574252158.0597289
2:1574252160.3861487
* Listening mic. 
Starting record of phrase
3:1574252165.8496962
Finished
* Done recording
Waiting

1:1574252346.237775
2:1574252348.5453768
* Listening mic. 
Starting record of phrase
3:1574252354.1518252
Finished
* Done recording
Waiting

1:1574252534.4602053
2:1574252536.7880049
* Listening mic. 
Starting record of phrase
3:1574252541.996632
Finished
* Done recording
Waiting

1:1574252722.3760703
2:1574252724.702081
* Listening mic. 
Starting record of phrase
3:1574252729.9652405
Finished
* Done recording
Waiting

1:1574252910.3473697
2:1574252912.6770654
* Listening mic. 
Starting record of phrase
3:1574252917.8839898
Finished
* Done recording
Waiting

1:1574253098.261362
2:1574253100.5900774
* Listening mic. 
Starting record of phrase
3:1574253105.8018255
Finished
* Done recording
Waiting

1:1574253286.1431205
2:1574253288.4701822
* Listening mic. 
Starting record of phrase
3:1574253294.070533
Finished
* Done recording
Waiting

1:1574253474.4425733
2:1574253476.7726078
* Listening mic. 
Starting record of phrase
3:1574253482.0173829
Finished
* Done recording
Waiting

1:1574253662.3490338
2:1574253664.6782959
* Listening mic. 
Starting record of phrase
3:1574253670.2347383
Finished
* Done recording
Waiting

1:1574253850.5354753
2:1574253852.8427503
* Listening mic. 
Starting record of phrase
3:1574253858.3356767
Finished
* Done recording
Waiting

1:1574254038.719387
2:1574254041.04743
* Listening mic. 
Starting record of phrase
3:1574254046.392682
Finished
* Done recording
Waiting

1:1574254226.7456346
2:1574254229.0753872
* Listening mic. 
Starting record of phrase
3:1574254234.2915747
Finished
* Done recording
Waiting

1:1574254414.6754315
2:1574254416.982351
* Listening mic. 
Starting record of phrase
3:1574254422.1945267
Finished
* Done recording
Waiting

1:1574254602.5810294
2:1574254604.9060752
* Listening mic. 
Starting record of phrase
3:1574254610.119193
Finished
* Done recording
Waiting

1:1574254790.4725928
2:1574254792.8000474
* Listening mic. 
Starting record of phrase
3:1574254798.251764
Finished
* Done recording
Waiting

1:1574254978.6316543
2:1574254980.9578388
* Listening mic. 
Starting record of phrase
3:1574254986.3084152
Finished
* Done recording
Waiting

1:1574255166.6400342
2:1574255168.9700174
* Listening mic. 
Starting record of phrase
3:1574255174.3235168
Finished
* Done recording
Waiting

1:1574255354.7123113
2:1574255357.0414715
* Listening mic. 
Starting record of phrase
3:1574255362.2298584
Finished
* Done recording
Waiting

1:1574255542.569371
2:1574255544.894327
* Listening mic. 
Starting record of phrase
3:1574255550.0467193
Finished
* Done recording
Waiting

1:1574255730.4330292
2:1574255732.7622068
* Listening mic. 
Starting record of phrase
3:1574255737.9682312
Finished
* Done recording
Waiting

1:1574255919.3433614
2:1574255921.671555
* Listening mic. 
Starting record of phrase
3:1574255926.9782853
Finished
* Done recording
Waiting

1:1574256107.3414798
2:1574256109.6682546
* Listening mic. 
Starting record of phrase
3:1574256114.8609967
Finished
* Done recording
Waiting

1:1574256295.2396076
2:1574256297.5683866
* Listening mic. 
Starting record of phrase
3:1574256303.0837252
Finished
* Done recording
Waiting

1:1574256483.4633296
2:1574256485.7702987
* Listening mic. 
Starting record of phrase
3:1574256491.0119479
Finished
* Done recording
Waiting

1:1574256671.3693607
2:1574256673.6961725
* Listening mic. 
Starting record of phrase
3:1574256678.8816116
Finished
* Done recording
Waiting

1:1574256859.2655337
2:1574256861.5723
* Listening mic. 
Starting record of phrase
3:1574256866.7338874
Finished
* Done recording
Waiting

1:1574257047.1128688
2:1574257049.4396951
* Listening mic. 
Starting record of phrase
3:1574257055.739265
Finished
* Done recording
Waiting

1:1574257236.0385516
2:1574257238.3665044
* Listening mic. 
Starting record of phrase
3:1574257243.609427
Finished
* Done recording
Waiting

1:1574257423.9042013
2:1574257426.2294593
* Listening mic. 
Starting record of phrase
3:1574257431.6304572
Finished
* Done recording
Waiting

1:1574257612.0154192
2:1574257614.3418055
* Listening mic. 
Starting record of phrase
3:1574257619.7476146
Finished
* Done recording
Waiting

1:1574257800.039318
2:1574257802.3667648
* Listening mic. 
Starting record of phrase
3:1574257807.813567
Finished
* Done recording
Waiting

1:1574257988.1415083
2:1574257990.4687817
* Listening mic. 
Starting record of phrase
3:1574257995.6543198
Finished
* Done recording
Waiting

1:1574258175.9406176
2:1574258178.2668798
* Listening mic. 
Starting record of phrase
3:1574258183.5693605
Finished
* Done recording
Waiting

1:1574258363.9404151
2:1574258366.2647219
* Listening mic. 
Starting record of phrase
3:1574258373.6261775
Finished
* Done recording
Waiting

1:1574258553.9429297
2:1574258556.2704322
* Listening mic. 
Starting record of phrase
3:1574258561.9202223
Finished
* Done recording
Waiting

1:1574258742.2676466
2:1574258744.5973961
* Listening mic. 
Starting record of phrase
3:1574258749.8454552
Finished
* Done recording
Waiting

1:1574258930.188691
2:1574258932.5166476
* Listening mic. 
Starting record of phrase
3:1574258937.911388
Finished
* Done recording
Waiting

1:1574259118.248322
2:1574259120.5580428
* Listening mic. 
Starting record of phrase
3:1574259125.9191542
Finished
* Done recording
Waiting

1:1574259306.3037553
2:1574259308.6107829
* Listening mic. 
Starting record of phrase
3:1574259313.767728
Finished
* Done recording
Waiting

1:1574259494.1450317
2:1574259496.4745824
* Listening mic. 
Starting record of phrase
3:1574259501.5738685
Finished
* Done recording
Waiting

1:1574259681.9580896
2:1574259684.2878113
* Listening mic. 
Starting record of phrase
3:1574259689.5031905
Finished
* Done recording
Waiting

1:1574259869.88515
2:1574259872.2149577
* Listening mic. 
Starting record of phrase
3:1574259877.6673307
Finished
* Done recording
Waiting

1:1574260058.0529275
2:1574260060.3833587
* Listening mic. 
Starting record of phrase
3:1574260065.3717027
Finished
* Done recording
Waiting

1:1574260245.7357702
2:1574260248.0649536
* Listening mic. 
Starting record of phrase
3:1574260253.268346
Finished
* Done recording
Waiting

1:1574260433.652044
2:1574260435.978724
* Listening mic. 
Starting record of phrase
3:1574260441.4333792
Finished
* Done recording
Waiting

1:1574260621.8164835
2:1574260624.141914
* Listening mic. 
Starting record of phrase
3:1574260629.1384518
Finished
* Done recording
Waiting

1:1574260809.515931
2:1574260811.8431847
* Listening mic. 
Starting record of phrase
3:1574260817.092809
Finished
* Done recording
Waiting

1:1574260997.474786
2:1574260999.803853
* Listening mic. 
Starting record of phrase
3:1574261005.4440377
Finished
* Done recording
Waiting

1:1574261185.7916036
2:1574261188.1166992
* Listening mic. 
Starting record of phrase
3:1574261193.2698615
Finished
* Done recording
Waiting

1:1574261373.658127
2:1574261375.984426
* Listening mic. 
Starting record of phrase
3:1574261381.4378448
Finished
* Done recording
Waiting

1:1574261561.7513356
2:1574261564.0798368
* Listening mic. 
Starting record of phrase
3:1574261569.2578766
Finished
* Done recording
Waiting

1:1574261749.6392975
2:1574261751.9694788
* Listening mic. 
Starting record of phrase
3:1574261758.1740196
Finished
* Done recording
Waiting

1:1574261938.563797
2:1574261940.8700798
* Listening mic. 
Starting record of phrase
3:1574261946.2842615
Finished
* Done recording
Waiting

1:1574262126.6288157
2:1574262128.9576244
* Listening mic. 
Starting record of phrase
3:1574262135.224202
Finished
* Done recording
Waiting

1:1574262315.5402248
2:1574262317.8656754
* Listening mic. 
Starting record of phrase
3:1574262323.0852396
Finished
* Done recording
Waiting

1:1574262503.440454
2:1574262505.7662888
* Listening mic. 
Starting record of phrase
3:1574262510.971206
Finished
* Done recording
Waiting

1:1574262692.3438969
2:1574262694.6515176
* Listening mic. 
Starting record of phrase
3:1574262699.8923814
Finished
* Done recording
Waiting

1:1574262880.2418694
2:1574262882.5490682
* Listening mic. 
Starting record of phrase
3:1574262887.7104506
Finished
* Done recording
Waiting

1:1574263068.0461967
2:1574263070.3534358
* Listening mic. 
Starting record of phrase
3:1574263075.5015008
Finished
* Done recording
Waiting

1:1574263255.8461044
2:1574263258.154619
* Listening mic. 
Starting record of phrase
3:1574263263.547978
Finished
* Done recording
Waiting

1:1574263443.911138
2:1574263446.2189574
* Listening mic. 
Starting record of phrase
3:1574263451.4790199
Finished
* Done recording
Waiting

1:1574263631.7676792
2:1574263634.0943818
* Listening mic. 
Starting record of phrase
3:1574263639.286325
Finished
* Done recording
Waiting

1:1574263819.6677914
2:1574263821.9968383
* Listening mic. 
Starting record of phrase
3:1574263827.251923
Finished
* Done recording
Waiting

1:1574264007.6250997
2:1574264009.9507813
* Listening mic. 
Starting record of phrase
3:1574264015.3446352
Finished
* Done recording
Waiting

1:1574264195.7285855
2:1574264198.0359402
* Listening mic. 
Starting record of phrase
3:1574264203.2479994
Finished
* Done recording
Waiting

1:1574264383.6311789
2:1574264385.9573925
* Listening mic. 
Starting record of phrase
3:1574264391.1578062
Finished
* Done recording
Waiting

1:1574264571.5449631
2:1574264573.874145
* Listening mic. 
Starting record of phrase
3:1574264579.4802804
Finished
* Done recording
Waiting

1:1574264759.8634303
2:1574264762.1701941
* Listening mic. 
Starting record of phrase
3:1574264767.6196158
Finished
* Done recording
Waiting

1:1574264948.0024893
2:1574264950.332175
* Listening mic. 
Starting record of phrase
3:1574264955.524047
Finished
* Done recording
Waiting

1:1574265135.8745742
2:1574265138.2041585
* Listening mic. 
Starting record of phrase
3:1574265143.352287
Finished
* Done recording
Waiting

1:1574265323.6912282
2:1574265326.017774
* Listening mic. 
Starting record of phrase
3:1574265331.112379
Finished
* Done recording
Waiting

1:1574265511.49658
2:1574265513.8024707
* Listening mic. 
Starting record of phrase
3:1574265519.0871465
Finished
* Done recording
Waiting

1:1574265699.4716256
2:1574265701.7961276
* Listening mic. 
Starting record of phrase
3:1574265706.9515932
Finished
* Done recording
Waiting

1:1574265887.3367827
2:1574265889.6673818
* Listening mic. 
Starting record of phrase
3:1574265894.7603257
Finished
* Done recording
Waiting

1:1574266075.1420388
2:1574266077.4667277
* Listening mic. 
Starting record of phrase
3:1574266082.7682753
Finished
* Done recording
Waiting

1:1574266263.1535916
2:1574266265.4801357